<?xml version="1.0" encoding="UTF-8"?>
<!-- Generated by org.testng.reporters.JUnitXMLReporter -->
<testsuite ignored="0" hostname="Mokshi" failures="1" tests="2" name="EdgeTest" time="6.471" errors="0" timestamp="2024-08-27T20:19:38 CDT">
  <testcase classname="PRACTICE.CrossbrowserTest" name="launchbrowser" time="6.211"/>
  <testcase classname="PRACTICE.CrossbrowserTest" name="verifyTitle" time="0.018">
    <failure type="java.lang.AssertionError" message="expected [selenium-interview-questions/] but found [Top 70+ Selenium Interview Questions and Answers (2024) - InterviewBit]">
      <![CDATA[java.lang.AssertionError: expected [selenium-interview-questions/] but found [Top 70+ Selenium Interview Questions and Answers (2024) - InterviewBit]
at PRACTICE.CrossbrowserTest.verifyTitle(CrossbrowserTest.java:35)
at java.base/java.util.ArrayList.forEach(ArrayList.java:1597)
at java.base/java.util.concurrent.FutureTask.run(FutureTask.java:317)
at java.base/java.util.concurrent.ThreadPoolExecutor.runWorker(ThreadPoolExecutor.java:1144)
at java.base/java.util.concurrent.ThreadPoolExecutor$Worker.run(ThreadPoolExecutor.java:642)
at java.base/java.lang.Thread.run(Thread.java:1570)
... Removed 21 stack frames]]>
    </failure>
  </testcase> <!-- verifyTitle -->
</testsuite> <!-- EdgeTest -->
